Arguments: 
  C:\Program Files\nodejs\node.exe C:\Users\v.jihu.zhang\AppData\Roaming\npm\node_modules\yarn\bin\yarn.js add html-webpack-plugin -D

PATH: 
  C:\ProgramData\Oracle\Java\javapath;C:\Windows\system32;C:\Windows;C:\Windows\System32\Wbem;C:\Windows\System32\WindowsPowerShell\v1.0\;C:\Program Files (x86)\NVIDIA Corporation\PhysX\Common;C:\Program Files\Git\cmd;D:\STUDY\mongo\bin;C:\Program Files\TortoiseSVN\bin;C:\Program Files\nodejs\;C:\Users\v.jihu.zhang\AppData\Local\Microsoft\WindowsApps;;C:\Program Files (x86)\Microsoft VS Code\bin;C:\Users\v.jihu.zhang\AppData\Roaming\npm

Yarn version: 
  1.3.2

Node version: 
  8.9.3

Platform: 
  win32 x64

npm manifest: 
  {
    "name": "webpackReview",
    "version": "1.0.0",
    "description": "",
    "main": "index.js",
    "scripts": {
      "build":"webpack",
      "start":"webpack-dev-server",
      "n":"node a.js"
    },
    "keywords": [],
    "author": "",
    "license": "ISC",
    "devDependencies": {
      "webpack": "^4.15.1",
      "webpack-cli": "^3.0.8",
      "webpack-dev-server": "^3.1.4"
    }
  }

yarn manifest: 
  No manifest

Lockfile: 
  No lockfile

Trace: 
  Error: https://registry.yarnpkg.com/rxjs/-/rxjs-6.2.1.tgz: ESOCKETTIMEDOUT
      at ClientRequest.<anonymous> (C:\Users\v.jihu.zhang\AppData\Roaming\npm\node_modules\yarn\lib\cli.js:123716:19)
      at Object.onceWrapper (events.js:313:30)
      at emitNone (events.js:106:13)
      at ClientRequest.emit (events.js:208:7)
      at TLSSocket.emitTimeout (_http_client.js:708:34)
      at Object.onceWrapper (events.js:313:30)
      at emitNone (events.js:106:13)
      at TLSSocket.emit (events.js:208:7)
      at TLSSocket.Socket._onTimeout (net.js:407:8)
      at ontimeout (timers.js:475:11)
